0 info it worked if it ends with ok
1 verbose cli [ '/usr/local/bin/node', '/usr/local/bin/npm', 'install' ]
2 info using npm@2.15.1
3 info using node@v4.4.3
4 verbose readDependencies loading dependencies from /Users/unvka01/myProject/kanban_app/package.json
5 warn package.json kanban_app@1.0.0 No README data
6 verbose install where, deps [ '/Users/unvka01/myProject/kanban_app',
6 verbose install   [ 'alt',
6 verbose install     'alt-container',
6 verbose install     'alt-utils',
6 verbose install     'node-uuid',
6 verbose install     'now',
6 verbose install     'react',
6 verbose install     'react-dnd-html5-backend',
6 verbose install     'react-dom',
6 verbose install     'run',
6 verbose install     'babel-core',
6 verbose install     'babel-loader',
6 verbose install     'babel-preset-es2015',
6 verbose install     'babel-preset-react',
6 verbose install     'babel-preset-react-hmre',
6 verbose install     'babel-preset-survivejs-kanban',
6 verbose install     'css-loader',
6 verbose install     'npm-install-webpack-plugin',
6 verbose install     'style-loader',
6 verbose install     'webpack',
6 verbose install     'webpack-dev-server',
6 verbose install     'webpack-merge' ] ]
7 verbose install where, peers [ '/Users/unvka01/myProject/kanban_app', [] ]
8 verbose installManyTop reading for lifecycle /Users/unvka01/myProject/kanban_app/package.json
9 info preinstall kanban_app@1.0.0
10 verbose installManyTop reading scoped package data from /Users/unvka01/myProject/kanban_app/node_modules/alt/package.json
11 verbose installManyTop reading scoped package data from /Users/unvka01/myProject/kanban_app/node_modules/alt-container/package.json
12 verbose installManyTop reading scoped package data from /Users/unvka01/myProject/kanban_app/node_modules/alt-utils/package.json
13 verbose installManyTop reading scoped package data from /Users/unvka01/myProject/kanban_app/node_modules/array.prototype.findindex/package.json
14 verbose installManyTop reading scoped package data from /Users/unvka01/myProject/kanban_app/node_modules/babel-core/package.json
15 verbose installManyTop reading scoped package data from /Users/unvka01/myProject/kanban_app/node_modules/babel-loader/package.json
16 verbose installManyTop reading scoped package data from /Users/unvka01/myProject/kanban_app/node_modules/babel-preset-es2015/package.json
17 verbose installManyTop reading scoped package data from /Users/unvka01/myProject/kanban_app/node_modules/babel-preset-react/package.json
18 verbose installManyTop reading scoped package data from /Users/unvka01/myProject/kanban_app/node_modules/babel-preset-react-hmre/package.json
19 verbose installManyTop reading scoped package data from /Users/unvka01/myProject/kanban_app/node_modules/babel-preset-survivejs-kanban/package.json
20 verbose installManyTop reading scoped package data from /Users/unvka01/myProject/kanban_app/node_modules/css-loader/package.json
21 verbose installManyTop reading scoped package data from /Users/unvka01/myProject/kanban_app/node_modules/node-uuid/package.json
22 verbose installManyTop reading scoped package data from /Users/unvka01/myProject/kanban_app/node_modules/now/package.json
23 verbose installManyTop reading scoped package data from /Users/unvka01/myProject/kanban_app/node_modules/npm-install-webpack-plugin/package.json
24 verbose installManyTop reading scoped package data from /Users/unvka01/myProject/kanban_app/node_modules/react/package.json
25 verbose installManyTop reading scoped package data from /Users/unvka01/myProject/kanban_app/node_modules/react-addons-update/package.json
26 verbose installManyTop reading scoped package data from /Users/unvka01/myProject/kanban_app/node_modules/react-dnd/package.json
27 verbose installManyTop reading scoped package data from /Users/unvka01/myProject/kanban_app/node_modules/react-dnd-html5-backend/package.json
28 verbose installManyTop reading scoped package data from /Users/unvka01/myProject/kanban_app/node_modules/react-dom/package.json
29 verbose installManyTop reading scoped package data from /Users/unvka01/myProject/kanban_app/node_modules/run/package.json
30 verbose installManyTop reading scoped package data from /Users/unvka01/myProject/kanban_app/node_modules/style-loader/package.json
31 verbose installManyTop reading scoped package data from /Users/unvka01/myProject/kanban_app/node_modules/webpack/package.json
32 verbose installManyTop reading scoped package data from /Users/unvka01/myProject/kanban_app/node_modules/webpack-dev-server/package.json
33 verbose installManyTop reading scoped package data from /Users/unvka01/myProject/kanban_app/node_modules/webpack-merge/package.json
34 info package.json alt-utils@1.0.0 No repository field.
35 info package.json alt-utils@1.0.0 No README data
36 info package.json node-uuid@1.4.7 No license field.
37 info package.json npm-install-webpack-plugin@3.1.1 No README data
38 info package.json now@0.15.0 No repository field.
39 info package.json now@0.15.0 No license field.
40 info package.json run@1.4.0 No license field.
41 verbose readDependencies loading dependencies from /Users/unvka01/myProject/kanban_app/package.json
42 verbose targetResolver reading package data from /Users/unvka01/myProject/kanban_app/node_modules/alt/package.json
43 verbose targetResolver reading package data from /Users/unvka01/myProject/kanban_app/node_modules/alt-container/package.json
44 verbose targetResolver reading package data from /Users/unvka01/myProject/kanban_app/node_modules/alt-utils/package.json
45 verbose targetResolver reading package data from /Users/unvka01/myProject/kanban_app/node_modules/array.prototype.findindex/package.json
46 verbose targetResolver reading package data from /Users/unvka01/myProject/kanban_app/node_modules/babel-core/package.json
47 verbose targetResolver reading package data from /Users/unvka01/myProject/kanban_app/node_modules/babel-loader/package.json
48 verbose targetResolver reading package data from /Users/unvka01/myProject/kanban_app/node_modules/babel-preset-es2015/package.json
49 verbose targetResolver reading package data from /Users/unvka01/myProject/kanban_app/node_modules/babel-preset-react/package.json
50 verbose targetResolver reading package data from /Users/unvka01/myProject/kanban_app/node_modules/babel-preset-react-hmre/package.json
51 verbose targetResolver reading package data from /Users/unvka01/myProject/kanban_app/node_modules/babel-preset-survivejs-kanban/package.json
52 verbose targetResolver reading package data from /Users/unvka01/myProject/kanban_app/node_modules/css-loader/package.json
53 verbose targetResolver reading package data from /Users/unvka01/myProject/kanban_app/node_modules/node-uuid/package.json
54 verbose targetResolver reading package data from /Users/unvka01/myProject/kanban_app/node_modules/now/package.json
55 verbose targetResolver reading package data from /Users/unvka01/myProject/kanban_app/node_modules/npm-install-webpack-plugin/package.json
56 verbose targetResolver reading package data from /Users/unvka01/myProject/kanban_app/node_modules/react/package.json
57 verbose targetResolver reading package data from /Users/unvka01/myProject/kanban_app/node_modules/react-addons-update/package.json
58 verbose targetResolver reading package data from /Users/unvka01/myProject/kanban_app/node_modules/react-dnd/package.json
59 verbose targetResolver reading package data from /Users/unvka01/myProject/kanban_app/node_modules/react-dnd-html5-backend/package.json
60 verbose targetResolver reading package data from /Users/unvka01/myProject/kanban_app/node_modules/react-dom/package.json
61 verbose targetResolver reading package data from /Users/unvka01/myProject/kanban_app/node_modules/run/package.json
62 verbose targetResolver reading package data from /Users/unvka01/myProject/kanban_app/node_modules/style-loader/package.json
63 verbose targetResolver reading package data from /Users/unvka01/myProject/kanban_app/node_modules/webpack/package.json
64 verbose targetResolver reading package data from /Users/unvka01/myProject/kanban_app/node_modules/webpack-dev-server/package.json
65 verbose targetResolver reading package data from /Users/unvka01/myProject/kanban_app/node_modules/webpack-merge/package.json
66 verbose targetResolver reading package data from /Users/unvka01/myProject/kanban_app/node_modules/.bin/now/package.json
67 verbose targetResolver reading package data from /Users/unvka01/myProject/kanban_app/node_modules/.bin/runjs/package.json
68 verbose targetResolver reading package data from /Users/unvka01/myProject/kanban_app/node_modules/.bin/uuid/package.json
69 verbose targetResolver reading package data from /Users/unvka01/myProject/kanban_app/node_modules/.bin/webpack/package.json
70 verbose targetResolver reading package data from /Users/unvka01/myProject/kanban_app/node_modules/.bin/webpack-dev-server/package.json
71 verbose already installed skipping run@^1.4.0 /Users/unvka01/myProject/kanban_app
72 verbose already installed skipping babel-core@^6.9.0 /Users/unvka01/myProject/kanban_app
73 verbose already installed skipping babel-loader@^6.2.4 /Users/unvka01/myProject/kanban_app
74 verbose already installed skipping babel-preset-es2015@^6.6.0 /Users/unvka01/myProject/kanban_app
75 verbose already installed skipping babel-preset-react@^6.5.0 /Users/unvka01/myProject/kanban_app
76 verbose already installed skipping babel-preset-react-hmre@^1.1.1 /Users/unvka01/myProject/kanban_app
77 verbose already installed skipping babel-preset-survivejs-kanban@^0.3.3 /Users/unvka01/myProject/kanban_app
78 verbose already installed skipping css-loader@^0.23.1 /Users/unvka01/myProject/kanban_app
79 verbose already installed skipping npm-install-webpack-plugin@^3.1.1 /Users/unvka01/myProject/kanban_app
80 verbose already installed skipping style-loader@^0.13.1 /Users/unvka01/myProject/kanban_app
81 verbose already installed skipping webpack@^1.13.0 /Users/unvka01/myProject/kanban_app
82 verbose already installed skipping webpack-dev-server@^1.14.1 /Users/unvka01/myProject/kanban_app
83 verbose already installed skipping webpack-merge@^0.12.0 /Users/unvka01/myProject/kanban_app
84 verbose already installed skipping alt@^0.18.4 /Users/unvka01/myProject/kanban_app
85 verbose already installed skipping alt-container@^1.0.2 /Users/unvka01/myProject/kanban_app
86 verbose already installed skipping alt-utils@^1.0.0 /Users/unvka01/myProject/kanban_app
87 verbose already installed skipping node-uuid@^1.4.7 /Users/unvka01/myProject/kanban_app
88 verbose already installed skipping now@^0.15.0 /Users/unvka01/myProject/kanban_app
89 verbose already installed skipping react@^15.0.2 /Users/unvka01/myProject/kanban_app
90 verbose already installed skipping react-dnd-html5-backend@^2.1.2 /Users/unvka01/myProject/kanban_app
91 verbose already installed skipping react-dom@^15.0.2 /Users/unvka01/myProject/kanban_app
92 silly install resolved []
93 info build /Users/unvka01/myProject/kanban_app
94 info linkStuff kanban_app@1.0.0
95 silly linkStuff kanban_app@1.0.0 has /Users/unvka01/myProject as its parent node_modules
96 verbose linkBins kanban_app@1.0.0
97 verbose linkMans kanban_app@1.0.0
98 verbose rebuildBundles kanban_app@1.0.0
99 verbose rebuildBundles [ '.DS_Store',
99 verbose rebuildBundles   '.bin',
99 verbose rebuildBundles   'alt',
99 verbose rebuildBundles   'alt-container',
99 verbose rebuildBundles   'alt-utils',
99 verbose rebuildBundles   'array.prototype.findindex',
99 verbose rebuildBundles   'babel-core',
99 verbose rebuildBundles   'babel-loader',
99 verbose rebuildBundles   'babel-preset-es2015',
99 verbose rebuildBundles   'babel-preset-react',
99 verbose rebuildBundles   'babel-preset-react-hmre',
99 verbose rebuildBundles   'babel-preset-survivejs-kanban',
99 verbose rebuildBundles   'css-loader',
99 verbose rebuildBundles   'node-uuid',
99 verbose rebuildBundles   'now',
99 verbose rebuildBundles   'npm-install-webpack-plugin',
99 verbose rebuildBundles   'react',
99 verbose rebuildBundles   'react-addons-update',
99 verbose rebuildBundles   'react-dnd',
99 verbose rebuildBundles   'react-dnd-html5-backend',
99 verbose rebuildBundles   'react-dom',
99 verbose rebuildBundles   'run',
99 verbose rebuildBundles   'style-loader',
99 verbose rebuildBundles   'webpack',
99 verbose rebuildBundles   'webpack-dev-server',
99 verbose rebuildBundles   'webpack-merge' ]
100 verbose rebuild bundle /Users/unvka01/myProject/kanban_app/node_modules/array.prototype.findindex
101 info build /Users/unvka01/myProject/kanban_app/node_modules/array.prototype.findindex
102 info preinstall array.prototype.findindex@2.0.0
103 info linkStuff array.prototype.findindex@2.0.0
104 silly linkStuff array.prototype.findindex@2.0.0 has /Users/unvka01/myProject/kanban_app/node_modules as its parent node_modules
105 verbose linkBins array.prototype.findindex@2.0.0
106 verbose linkMans array.prototype.findindex@2.0.0
107 verbose rebuildBundles array.prototype.findindex@2.0.0
108 verbose rebuildBundles [ 'define-properties', 'es-abstract' ]
109 info install array.prototype.findindex@2.0.0
110 info postinstall array.prototype.findindex@2.0.0
111 verbose rebuild bundle /Users/unvka01/myProject/kanban_app/node_modules/react-addons-update
112 info build /Users/unvka01/myProject/kanban_app/node_modules/react-addons-update
113 info preinstall react-addons-update@15.3.0
114 info linkStuff react-addons-update@15.3.0
115 silly linkStuff react-addons-update@15.3.0 has /Users/unvka01/myProject/kanban_app/node_modules as its parent node_modules
116 verbose linkBins react-addons-update@15.3.0
117 verbose linkMans react-addons-update@15.3.0
118 verbose rebuildBundles react-addons-update@15.3.0
119 info install react-addons-update@15.3.0
120 info postinstall react-addons-update@15.3.0
121 verbose rebuild bundle /Users/unvka01/myProject/kanban_app/node_modules/react-dnd
122 info build /Users/unvka01/myProject/kanban_app/node_modules/react-dnd
123 info preinstall react-dnd@2.1.4
124 info linkStuff react-dnd@2.1.4
125 silly linkStuff react-dnd@2.1.4 has /Users/unvka01/myProject/kanban_app/node_modules as its parent node_modules
126 verbose linkBins react-dnd@2.1.4
127 verbose linkMans react-dnd@2.1.4
128 verbose rebuildBundles react-dnd@2.1.4
129 verbose rebuildBundles [ 'disposables', 'dnd-core', 'invariant', 'lodash' ]
130 info install react-dnd@2.1.4
131 info postinstall react-dnd@2.1.4
132 info install kanban_app@1.0.0
133 info postinstall kanban_app@1.0.0
134 info prepublish kanban_app@1.0.0
135 verbose validateInstall loading /Users/unvka01/myProject/kanban_app/package.json for validation
136 verbose stack Error: The package react@15.0.2 does not satisfy its siblings' peerDependencies requirements!
136 verbose stack     at /usr/local/lib/node_modules/npm/lib/install.js:125:32
136 verbose stack     at /usr/local/lib/node_modules/npm/lib/install.js:268:7
136 verbose stack     at /usr/local/lib/node_modules/npm/node_modules/read-installed/read-installed.js:142:5
136 verbose stack     at /usr/local/lib/node_modules/npm/node_modules/read-installed/read-installed.js:263:14
136 verbose stack     at cb (/usr/local/lib/node_modules/npm/node_modules/slide/lib/async-map.js:47:24)
136 verbose stack     at /usr/local/lib/node_modules/npm/node_modules/read-installed/read-installed.js:263:14
136 verbose stack     at cb (/usr/local/lib/node_modules/npm/node_modules/slide/lib/async-map.js:47:24)
136 verbose stack     at /usr/local/lib/node_modules/npm/node_modules/read-installed/read-installed.js:263:14
136 verbose stack     at cb (/usr/local/lib/node_modules/npm/node_modules/slide/lib/async-map.js:47:24)
136 verbose stack     at /usr/local/lib/node_modules/npm/node_modules/read-installed/read-installed.js:263:14
137 verbose cwd /Users/unvka01/myProject/kanban_app
138 error Darwin 15.6.0
139 error argv "/usr/local/bin/node" "/usr/local/bin/npm" "install"
140 error node v4.4.3
141 error npm  v2.15.1
142 error code EPEERINVALID
143 error peerinvalid The package react@15.0.2 does not satisfy its siblings' peerDependencies requirements!
143 error peerinvalid Peer react-dom@15.0.2 wants react@^15.0.2
143 error peerinvalid Peer react-addons-update@15.3.0 wants react@^15.3.0
143 error peerinvalid Peer react-dnd@2.1.4 wants react@^0.14.0 || ^15.0.0-0
144 verbose exit [ 1, true ]
